C:\Program Files (x86)\Microsoft Visual Studio\2017\Professional\Common7\IDE\VC\VCTargets\Microsoft.CppBuild.targets(387,5): warning MSB8028: The intermediate directory (x64\Release\) contains files shared from another project (vermz.vcxproj).  This can lead to incorrect clean and rebuild behavior.
  crappy.cpp
c:\users\nickggrae\videos\binary\vermz\crappy.h(28): warning C4101: 'flag': unreferenced local variable
c:\users\nickggrae\videos\binary\vermz\crappy.h(60): warning C4305: 'initializing': truncation from '__int64' to 'float'
c:\users\nickggrae\videos\binary\vermz\crappy.h(60): warning C4305: '=': truncation from '__int64' to 'float'
c:\users\nickggrae\videos\binary\vermz\crappy.h(61): warning C4305: '=': truncation from '__int64' to 'float'
c:\users\nickggrae\videos\binary\vermz\crappy.h(62): warning C4305: '=': truncation from '__int64' to 'float'
c:\users\nickggrae\videos\binary\vermz\crappy.h(63): warning C4305: '=': truncation from '__int64' to 'float'
c:\users\nickggrae\videos\binary\vermz\crappy.h(64): warning C4305: '=': truncation from '__int64' to 'float'
c:\users\nickggrae\videos\binary\vermz\crappy.h(65): warning C4305: '=': truncation from '__int64' to 'float'
c:\users\nickggrae\videos\binary\vermz\crappy.h(69): warning C4305: 'initializing': truncation from '__int64' to 'float'
c:\users\nickggrae\videos\binary\vermz\crappy.h(69): warning C4305: '=': truncation from '__int64' to 'float'
c:\users\nickggrae\videos\binary\vermz\crappy.h(70): warning C4305: '=': truncation from '__int64' to 'float'
c:\users\nickggrae\videos\binary\vermz\crappy.h(71): warning C4305: '=': truncation from '__int64' to 'float'
c:\users\nickggrae\videos\binary\vermz\crappy.h(72): warning C4305: '=': truncation from '__int64' to 'float'
c:\users\nickggrae\videos\binary\vermz\crappy.h(73): warning C4305: '=': truncation from '__int64' to 'float'
c:\users\nickggrae\videos\binary\vermz\crappy.h(74): warning C4305: '=': truncation from '__int64' to 'float'
c:\users\nickggrae\videos\binary\vermz\crappy.h(78): warning C4305: 'initializing': truncation from '__int64' to 'float'
c:\users\nickggrae\videos\binary\vermz\crappy.h(78): warning C4305: '=': truncation from '__int64' to 'float'
c:\users\nickggrae\videos\binary\vermz\crappy.h(79): warning C4305: '=': truncation from '__int64' to 'float'
c:\users\nickggrae\videos\binary\vermz\crappy.h(80): warning C4305: '=': truncation from '__int64' to 'float'
c:\users\nickggrae\videos\binary\vermz\crappy.h(81): warning C4305: '=': truncation from '__int64' to 'float'
c:\users\nickggrae\videos\binary\vermz\crappy.h(82): warning C4305: '=': truncation from '__int64' to 'float'
c:\users\nickggrae\videos\binary\vermz\crappy.h(83): warning C4305: '=': truncation from '__int64' to 'float'
c:\users\nickggrae\videos\binary\vermz\crappy.h(86): warning C4305: 'initializing': truncation from '__int64' to 'float'
c:\users\nickggrae\videos\binary\vermz\crappy.h(86): warning C4305: '=': truncation from '__int64' to 'float'
c:\users\nickggrae\videos\binary\vermz\crappy.h(87): warning C4305: '=': truncation from '__int64' to 'float'
c:\users\nickggrae\videos\binary\vermz\crappy.h(88): warning C4305: '=': truncation from '__int64' to 'float'
c:\users\nickggrae\videos\binary\vermz\crappy.h(89): warning C4305: '=': truncation from '__int64' to 'float'
c:\users\nickggrae\videos\binary\vermz\crappy.h(90): warning C4305: '=': truncation from '__int64' to 'float'
c:\users\nickggrae\videos\binary\vermz\crappy.h(91): warning C4305: '=': truncation from '__int64' to 'float'
c:\users\nickggrae\videos\binary\vermz\crappy.h(94): warning C4305: 'initializing': truncation from '__int64' to 'float'
c:\users\nickggrae\videos\binary\vermz\crappy.h(94): warning C4305: '=': truncation from '__int64' to 'float'
c:\users\nickggrae\videos\binary\vermz\crappy.h(95): warning C4305: '=': truncation from '__int64' to 'float'
c:\users\nickggrae\videos\binary\vermz\crappy.h(96): warning C4305: '=': truncation from '__int64' to 'float'
c:\users\nickggrae\videos\binary\vermz\crappy.h(97): warning C4305: '=': truncation from '__int64' to 'float'
c:\users\nickggrae\videos\binary\vermz\crappy.h(98): warning C4305: '=': truncation from '__int64' to 'float'
c:\users\nickggrae\videos\binary\vermz\crappy.h(99): warning C4305: '=': truncation from '__int64' to 'float'
c:\users\nickggrae\videos\binary\vermz\crappy.h(102): warning C4305: 'initializing': truncation from '__int64' to 'float'
c:\users\nickggrae\videos\binary\vermz\crappy.h(102): warning C4305: '=': truncation from '__int64' to 'float'
c:\users\nickggrae\videos\binary\vermz\crappy.h(103): warning C4305: '=': truncation from '__int64' to 'float'
c:\users\nickggrae\videos\binary\vermz\crappy.h(104): warning C4305: '=': truncation from '__int64' to 'float'
c:\users\nickggrae\videos\binary\vermz\crappy.h(105): warning C4305: '=': truncation from '__int64' to 'float'
c:\users\nickggrae\videos\binary\vermz\crappy.h(106): warning C4305: '=': truncation from '__int64' to 'float'
c:\users\nickggrae\videos\binary\vermz\crappy.h(107): warning C4305: '=': truncation from '__int64' to 'float'
crappy.cpp(18): warning C4305: 'initializing': truncation from '__int64' to 'float'
crappy.cpp(18): warning C4305: '=': truncation from '__int64' to 'float'
crappy.cpp(19): warning C4305: '=': truncation from '__int64' to 'float'
crappy.cpp(20): warning C4305: '=': truncation from '__int64' to 'float'
crappy.cpp(21): warning C4305: '=': truncation from '__int64' to 'float'
crappy.cpp(22): warning C4305: '=': truncation from '__int64' to 'float'
crappy.cpp(23): warning C4305: '=': truncation from '__int64' to 'float'
crappy.cpp(111): warning C4244: 'argument': conversion from 'float' to 'int', possible loss of data
crappy.cpp(118): warning C4305: 'initializing': truncation from '__int64' to 'float'
crappy.cpp(118): warning C4305: '=': truncation from '__int64' to 'float'
crappy.cpp(119): warning C4305: '=': truncation from '__int64' to 'float'
crappy.cpp(120): warning C4305: '=': truncation from '__int64' to 'float'
crappy.cpp(121): warning C4305: '=': truncation from '__int64' to 'float'
crappy.cpp(122): warning C4305: '=': truncation from '__int64' to 'float'
crappy.cpp(123): warning C4305: '=': truncation from '__int64' to 'float'
crappy.cpp(198): warning C4305: 'initializing': truncation from '__int64' to 'float'
crappy.cpp(198): warning C4305: '=': truncation from '__int64' to 'float'
crappy.cpp(199): warning C4305: '=': truncation from '__int64' to 'float'
crappy.cpp(200): warning C4305: '=': truncation from '__int64' to 'float'
crappy.cpp(201): warning C4305: '=': truncation from '__int64' to 'float'
crappy.cpp(202): warning C4305: '=': truncation from '__int64' to 'float'
crappy.cpp(203): warning C4305: '=': truncation from '__int64' to 'float'
crappy.cpp(245): warning C4305: 'initializing': truncation from '__int64' to 'float'
crappy.cpp(245): warning C4305: '=': truncation from '__int64' to 'float'
crappy.cpp(246): warning C4305: '=': truncation from '__int64' to 'float'
crappy.cpp(247): warning C4305: '=': truncation from '__int64' to 'float'
crappy.cpp(248): warning C4305: '=': truncation from '__int64' to 'float'
crappy.cpp(249): warning C4305: '=': truncation from '__int64' to 'float'
crappy.cpp(250): warning C4305: '=': truncation from '__int64' to 'float'
crappy.cpp(256): warning C4312: 'reinterpret_cast': conversion from 'int' to 'HANDLE' of greater size
crappy.cpp(267): warning C4305: 'initializing': truncation from '__int64' to 'float'
crappy.cpp(267): warning C4305: '=': truncation from '__int64' to 'float'
crappy.cpp(268): warning C4305: '=': truncation from '__int64' to 'float'
crappy.cpp(269): warning C4305: '=': truncation from '__int64' to 'float'
crappy.cpp(270): warning C4305: '=': truncation from '__int64' to 'float'
crappy.cpp(271): warning C4305: '=': truncation from '__int64' to 'float'
crappy.cpp(272): warning C4305: '=': truncation from '__int64' to 'float'
  Generating code
  37 of 323 functions (11.5%) were compiled, the rest were copied from previous compilation.
    0 functions were new in current compilation
    3 functions had inline decision re-evaluated but remain unchanged
  Finished generating code
  vermz.vcxproj -> C:\Users\nickggrae\Videos\binary\vermz\x64\Release\crappy.exe
